[17-Dec-2021 18:33:25 UTC] PHP Parse error:  syntax error, unexpected '++' (T_INC) in /Users/rickywallace/Local Sites/fictional-university/app/public/wp-content/themes/fictional-university-theme/index.php on line 9
[17-Dec-2021 18:34:02 UTC] PHP Parse error:  syntax error, unexpected '++' (T_INC) in /Users/rickywallace/Local Sites/fictional-university/app/public/wp-content/themes/fictional-university-theme/index.php on line 9
[17-Dec-2021 19:03:02 UTC] PHP Parse error:  syntax error, unexpected 'while' (T_WHILE) in /Users/rickywallace/Local Sites/fictional-university/app/public/wp-content/themes/fictional-university-theme/index.php on line 3
[17-Dec-2021 19:03:09 UTC] PHP Parse error:  syntax error, unexpected 'while' (T_WHILE) in /Users/rickywallace/Local Sites/fictional-university/app/public/wp-content/themes/fictional-university-theme/index.php on line 3
[17-Dec-2021 19:03:44 UTC] PHP Parse error:  syntax error, unexpected 'while' (T_WHILE) in /Users/rickywallace/Local Sites/fictional-university/app/public/wp-content/themes/fictional-university-theme/index.php on line 3
[17-Dec-2021 19:12:13 UTC] PHP Parse error:  syntax error, unexpected '}' in /Users/rickywallace/Local Sites/fictional-university/app/public/wp-content/themes/fictional-university-theme/functions.php on line 5
[17-Dec-2021 19:12:13 UTC] PHP Parse error:  syntax error, unexpected '}' in /Users/rickywallace/Local Sites/fictional-university/app/public/wp-content/themes/fictional-university-theme/functions.php on line 5
[17-Dec-2021 19:59:16 UTC] PHP Parse error:  syntax error, unexpected '?>', expecting ')' in /Users/rickywallace/Local Sites/fictional-university/app/public/wp-content/themes/fictional-university-theme/index.php on line 75
[18-Dec-2021 05:07:41 UTC] PHP Warning:  An unexpected error occurred. Something may be wrong with WordPress.org or this server&#8217;s configuration. If you continue to have problems, please try the <a href="https://wordpress.org/support/forums/">support forums</a>. (WordPress could not establish a secure connection to WordPress.org. Please contact your server administrator.) in /Users/rickywallace/Local Sites/fictional-university/app/public/wp-includes/update.php on line 175
[18-Dec-2021 05:07:41 UTC] PHP Stack trace:
[18-Dec-2021 05:07:41 UTC] PHP   1. {main}() /Users/rickywallace/Local Sites/fictional-university/app/public/wp-cron.php:0
[18-Dec-2021 05:07:41 UTC] PHP   2. do_action_ref_array() /Users/rickywallace/Local Sites/fictional-university/app/public/wp-cron.php:138
[18-Dec-2021 05:07:41 UTC] PHP   3. WP_Hook->do_action() /Users/rickywallace/Local Sites/fictional-university/app/public/wp-includes/plugin.php:518
[18-Dec-2021 05:07:41 UTC] PHP   4. WP_Hook->apply_filters() /Users/rickywallace/Local Sites/fictional-university/app/public/wp-includes/class-wp-hook.php:327
[18-Dec-2021 05:07:41 UTC] PHP   5. wp_version_check() /Users/rickywallace/Local Sites/fictional-university/app/public/wp-includes/class-wp-hook.php:303
[18-Dec-2021 05:07:41 UTC] PHP   6. trigger_error() /Users/rickywallace/Local Sites/fictional-university/app/public/wp-includes/update.php:175
[18-Dec-2021 05:07:41 UTC] PHP Warning:  An unexpected error occurred. Something may be wrong with WordPress.org or this server&#8217;s configuration. If you continue to have problems, please try the <a href="https://wordpress.org/support/forums/">support forums</a>. (WordPress could not establish a secure connection to WordPress.org. Please contact your server administrator.) in /Users/rickywallace/Local Sites/fictional-university/app/public/wp-includes/update.php on line 413
[18-Dec-2021 05:07:41 UTC] PHP Stack trace:
[18-Dec-2021 05:07:41 UTC] PHP   1. {main}() /Users/rickywallace/Local Sites/fictional-university/app/public/wp-cron.php:0
[18-Dec-2021 05:07:41 UTC] PHP   2. do_action_ref_array() /Users/rickywallace/Local Sites/fictional-university/app/public/wp-cron.php:138
[18-Dec-2021 05:07:41 UTC] PHP   3. WP_Hook->do_action() /Users/rickywallace/Local Sites/fictional-university/app/public/wp-includes/plugin.php:518
[18-Dec-2021 05:07:41 UTC] PHP   4. WP_Hook->apply_filters() /Users/rickywallace/Local Sites/fictional-university/app/public/wp-includes/class-wp-hook.php:327
[18-Dec-2021 05:07:41 UTC] PHP   5. wp_update_plugins() /Users/rickywallace/Local Sites/fictional-university/app/public/wp-includes/class-wp-hook.php:303
[18-Dec-2021 05:07:41 UTC] PHP   6. trigger_error() /Users/rickywallace/Local Sites/fictional-university/app/public/wp-includes/update.php:413
[18-Dec-2021 05:07:41 UTC] PHP Warning:  An unexpected error occurred. Something may be wrong with WordPress.org or this server&#8217;s configuration. If you continue to have problems, please try the <a href="https://wordpress.org/support/forums/">support forums</a>. (WordPress could not establish a secure connection to WordPress.org. Please contact your server administrator.) in /Users/rickywallace/Local Sites/fictional-university/app/public/wp-includes/update.php on line 693
[18-Dec-2021 05:07:41 UTC] PHP Stack trace:
[18-Dec-2021 05:07:41 UTC] PHP   1. {main}() /Users/rickywallace/Local Sites/fictional-university/app/public/wp-cron.php:0
[18-Dec-2021 05:07:41 UTC] PHP   2. do_action_ref_array() /Users/rickywallace/Local Sites/fictional-university/app/public/wp-cron.php:138
[18-Dec-2021 05:07:41 UTC] PHP   3. WP_Hook->do_action() /Users/rickywallace/Local Sites/fictional-university/app/public/wp-includes/plugin.php:518
[18-Dec-2021 05:07:41 UTC] PHP   4. WP_Hook->apply_filters() /Users/rickywallace/Local Sites/fictional-university/app/public/wp-includes/class-wp-hook.php:327
[18-Dec-2021 05:07:41 UTC] PHP   5. wp_update_themes() /Users/rickywallace/Local Sites/fictional-university/app/public/wp-includes/class-wp-hook.php:303
[18-Dec-2021 05:07:41 UTC] PHP   6. trigger_error() /Users/rickywallace/Local Sites/fictional-university/app/public/wp-includes/update.php:693
[18-Dec-2021 09:12:09 UTC] PHP Fatal error:  Uncaught Error: Call to undefined function get_title() in /Users/rickywallace/Local Sites/fictional-university/app/public/wp-content/themes/fictional-university-theme/page.php:11
Stack trace:
#0 /Users/rickywallace/Local Sites/fictional-university/app/public/wp-includes/template-loader.php(106): include()
#1 /Users/rickywallace/Local Sites/fictional-university/app/public/wp-blog-header.php(19): require_once('/Users/rickywal...')
#2 /Users/rickywallace/Local Sites/fictional-university/app/public/index.php(17): require('/Users/rickywal...')
#3 {main}
  thrown in /Users/rickywallace/Local Sites/fictional-university/app/public/wp-content/themes/fictional-university-theme/page.php on line 11
[18-Dec-2021 09:17:38 UTC] PHP Parse error:  syntax error, unexpected '/' in /Users/rickywallace/Local Sites/fictional-university/app/public/wp-content/themes/fictional-university-theme/page.php on line 9
[18-Dec-2021 09:18:14 UTC] PHP Parse error:  syntax error, unexpected '/' in /Users/rickywallace/Local Sites/fictional-university/app/public/wp-content/themes/fictional-university-theme/page.php on line 9
[18-Dec-2021 09:18:27 UTC] PHP Parse error:  syntax error, unexpected '/' in /Users/rickywallace/Local Sites/fictional-university/app/public/wp-content/themes/fictional-university-theme/page.php on line 9
[18-Dec-2021 09:22:49 UTC] PHP Warning:  Use of undefined constant title - assumed 'title' (this will throw an Error in a future version of PHP) in /Users/rickywallace/Local Sites/fictional-university/app/public/wp-content/themes/fictional-university-theme/functions.php on line 16
[18-Dec-2021 09:22:49 UTC] PHP Stack trace:
[18-Dec-2021 09:22:49 UTC] PHP   1. {main}() /Users/rickywallace/Local Sites/fictional-university/app/public/index.php:0
[18-Dec-2021 09:22:49 UTC] PHP   2. require() /Users/rickywallace/Local Sites/fictional-university/app/public/index.php:17
[18-Dec-2021 09:22:49 UTC] PHP   3. require_once() /Users/rickywallace/Local Sites/fictional-university/app/public/wp-blog-header.php:13
[18-Dec-2021 09:22:49 UTC] PHP   4. require_once() /Users/rickywallace/Local Sites/fictional-university/app/public/wp-load.php:50
[18-Dec-2021 09:22:49 UTC] PHP   5. require_once() /Users/rickywallace/Local Sites/fictional-university/app/public/wp-config.php:77
[18-Dec-2021 09:22:49 UTC] PHP   6. do_action() /Users/rickywallace/Local Sites/fictional-university/app/public/wp-settings.php:556
[18-Dec-2021 09:22:49 UTC] PHP   7. WP_Hook->do_action() /Users/rickywallace/Local Sites/fictional-university/app/public/wp-includes/plugin.php:470
[18-Dec-2021 09:22:49 UTC] PHP   8. WP_Hook->apply_filters() /Users/rickywallace/Local Sites/fictional-university/app/public/wp-includes/class-wp-hook.php:327
[18-Dec-2021 09:22:49 UTC] PHP   9. university_features() /Users/rickywallace/Local Sites/fictional-university/app/public/wp-includes/class-wp-hook.php:303
[18-Dec-2021 09:22:49 UTC] PHP Warning:  Use of undefined constant tag - assumed 'tag' (this will throw an Error in a future version of PHP) in /Users/rickywallace/Local Sites/fictional-university/app/public/wp-content/themes/fictional-university-theme/functions.php on line 16
[18-Dec-2021 09:22:49 UTC] PHP Stack trace:
[18-Dec-2021 09:22:49 UTC] PHP   1. {main}() /Users/rickywallace/Local Sites/fictional-university/app/public/index.php:0
[18-Dec-2021 09:22:49 UTC] PHP   2. require() /Users/rickywallace/Local Sites/fictional-university/app/public/index.php:17
[18-Dec-2021 09:22:49 UTC] PHP   3. require_once() /Users/rickywallace/Local Sites/fictional-university/app/public/wp-blog-header.php:13
[18-Dec-2021 09:22:49 UTC] PHP   4. require_once() /Users/rickywallace/Local Sites/fictional-university/app/public/wp-load.php:50
[18-Dec-2021 09:22:49 UTC] PHP   5. require_once() /Users/rickywallace/Local Sites/fictional-university/app/public/wp-config.php:77
[18-Dec-2021 09:22:49 UTC] PHP   6. do_action() /Users/rickywallace/Local Sites/fictional-university/app/public/wp-settings.php:556
[18-Dec-2021 09:22:49 UTC] PHP   7. WP_Hook->do_action() /Users/rickywallace/Local Sites/fictional-university/app/public/wp-includes/plugin.php:470
[18-Dec-2021 09:22:49 UTC] PHP   8. WP_Hook->apply_filters() /Users/rickywallace/Local Sites/fictional-university/app/public/wp-includes/class-wp-hook.php:327
[18-Dec-2021 09:22:49 UTC] PHP   9. university_features() /Users/rickywallace/Local Sites/fictional-university/app/public/wp-includes/class-wp-hook.php:303
[18-Dec-2021 09:22:49 UTC] PHP Warning:  A non-numeric value encountered in /Users/rickywallace/Local Sites/fictional-university/app/public/wp-content/themes/fictional-university-theme/functions.php on line 16
[18-Dec-2021 09:22:49 UTC] PHP Stack trace:
[18-Dec-2021 09:22:49 UTC] PHP   1. {main}() /Users/rickywallace/Local Sites/fictional-university/app/public/index.php:0
[18-Dec-2021 09:22:49 UTC] PHP   2. require() /Users/rickywallace/Local Sites/fictional-university/app/public/index.php:17
[18-Dec-2021 09:22:49 UTC] PHP   3. require_once() /Users/rickywallace/Local Sites/fictional-university/app/public/wp-blog-header.php:13
[18-Dec-2021 09:22:49 UTC] PHP   4. require_once() /Users/rickywallace/Local Sites/fictional-university/app/public/wp-load.php:50
[18-Dec-2021 09:22:49 UTC] PHP   5. require_once() /Users/rickywallace/Local Sites/fictional-university/app/public/wp-config.php:77
[18-Dec-2021 09:22:49 UTC] PHP   6. do_action() /Users/rickywallace/Local Sites/fictional-university/app/public/wp-settings.php:556
[18-Dec-2021 09:22:49 UTC] PHP   7. WP_Hook->do_action() /Users/rickywallace/Local Sites/fictional-university/app/public/wp-includes/plugin.php:470
[18-Dec-2021 09:22:49 UTC] PHP   8. WP_Hook->apply_filters() /Users/rickywallace/Local Sites/fictional-university/app/public/wp-includes/class-wp-hook.php:327
[18-Dec-2021 09:22:49 UTC] PHP   9. university_features() /Users/rickywallace/Local Sites/fictional-university/app/public/wp-includes/class-wp-hook.php:303
[18-Dec-2021 09:22:49 UTC] PHP Warning:  A non-numeric value encountered in /Users/rickywallace/Local Sites/fictional-university/app/public/wp-content/themes/fictional-university-theme/functions.php on line 16
[18-Dec-2021 09:22:49 UTC] PHP Stack trace:
[18-Dec-2021 09:22:49 UTC] PHP   1. {main}() /Users/rickywallace/Local Sites/fictional-university/app/public/index.php:0
[18-Dec-2021 09:22:49 UTC] PHP   2. require() /Users/rickywallace/Local Sites/fictional-university/app/public/index.php:17
[18-Dec-2021 09:22:49 UTC] PHP   3. require_once() /Users/rickywallace/Local Sites/fictional-university/app/public/wp-blog-header.php:13
[18-Dec-2021 09:22:49 UTC] PHP   4. require_once() /Users/rickywallace/Local Sites/fictional-university/app/public/wp-load.php:50
[18-Dec-2021 09:22:49 UTC] PHP   5. require_once() /Users/rickywallace/Local Sites/fictional-university/app/public/wp-config.php:77
[18-Dec-2021 09:22:49 UTC] PHP   6. do_action() /Users/rickywallace/Local Sites/fictional-university/app/public/wp-settings.php:556
[18-Dec-2021 09:22:49 UTC] PHP   7. WP_Hook->do_action() /Users/rickywallace/Local Sites/fictional-university/app/public/wp-includes/plugin.php:470
[18-Dec-2021 09:22:49 UTC] PHP   8. WP_Hook->apply_filters() /Users/rickywallace/Local Sites/fictional-university/app/public/wp-includes/class-wp-hook.php:327
[18-Dec-2021 09:22:49 UTC] PHP   9. university_features() /Users/rickywallace/Local Sites/fictional-university/app/public/wp-includes/class-wp-hook.php:303
[18-Dec-2021 09:22:49 UTC] PHP Warning:  Use of undefined constant title - assumed 'title' (this will throw an Error in a future version of PHP) in /Users/rickywallace/Local Sites/fictional-university/app/public/wp-content/themes/fictional-university-theme/functions.php on line 16
[18-Dec-2021 09:22:50 UTC] PHP Stack trace:
[18-Dec-2021 09:22:50 UTC] PHP   1. {main}() /Users/rickywallace/Local Sites/fictional-university/app/public/index.php:0
[18-Dec-2021 09:22:50 UTC] PHP   2. require() /Users/rickywallace/Local Sites/fictional-university/app/public/index.php:17
[18-Dec-2021 09:22:50 UTC] PHP   3. require_once() /Users/rickywallace/Local Sites/fictional-university/app/public/wp-blog-header.php:13
[18-Dec-2021 09:22:50 UTC] PHP   4. require_once() /Users/rickywallace/Local Sites/fictional-university/app/public/wp-load.php:50
[18-Dec-2021 09:22:50 UTC] PHP   5. require_once() /Users/rickywallace/Local Sites/fictional-university/app/public/wp-config.php:77
[18-Dec-2021 09:22:50 UTC] PHP   6. do_action() /Users/rickywallace/Local Sites/fictional-university/app/public/wp-settings.php:556
[18-Dec-2021 09:22:50 UTC] PHP   7. WP_Hook->do_action() /Users/rickywallace/Local Sites/fictional-university/app/public/wp-includes/plugin.php:470
[18-Dec-2021 09:22:50 UTC] PHP   8. WP_Hook->apply_filters() /Users/rickywallace/Local Sites/fictional-university/app/public/wp-includes/class-wp-hook.php:327
[18-Dec-2021 09:22:50 UTC] PHP   9. university_features() /Users/rickywallace/Local Sites/fictional-university/app/public/wp-includes/class-wp-hook.php:303
[18-Dec-2021 09:22:50 UTC] PHP Warning:  Use of undefined constant tag - assumed 'tag' (this will throw an Error in a future version of PHP) in /Users/rickywallace/Local Sites/fictional-university/app/public/wp-content/themes/fictional-university-theme/functions.php on line 16
[18-Dec-2021 09:22:50 UTC] PHP Stack trace:
[18-Dec-2021 09:22:50 UTC] PHP   1. {main}() /Users/rickywallace/Local Sites/fictional-university/app/public/index.php:0
[18-Dec-2021 09:22:50 UTC] PHP   2. require() /Users/rickywallace/Local Sites/fictional-university/app/public/index.php:17
[18-Dec-2021 09:22:50 UTC] PHP   3. require_once() /Users/rickywallace/Local Sites/fictional-university/app/public/wp-blog-header.php:13
[18-Dec-2021 09:22:50 UTC] PHP   4. require_once() /Users/rickywallace/Local Sites/fictional-university/app/public/wp-load.php:50
[18-Dec-2021 09:22:50 UTC] PHP   5. require_once() /Users/rickywallace/Local Sites/fictional-university/app/public/wp-config.php:77
[18-Dec-2021 09:22:50 UTC] PHP   6. do_action() /Users/rickywallace/Local Sites/fictional-university/app/public/wp-settings.php:556
[18-Dec-2021 09:22:50 UTC] PHP   7. WP_Hook->do_action() /Users/rickywallace/Local Sites/fictional-university/app/public/wp-includes/plugin.php:470
[18-Dec-2021 09:22:50 UTC] PHP   8. WP_Hook->apply_filters() /Users/rickywallace/Local Sites/fictional-university/app/public/wp-includes/class-wp-hook.php:327
[18-Dec-2021 09:22:50 UTC] PHP   9. university_features() /Users/rickywallace/Local Sites/fictional-university/app/public/wp-includes/class-wp-hook.php:303
[18-Dec-2021 09:22:50 UTC] PHP Warning:  A non-numeric value encountered in /Users/rickywallace/Local Sites/fictional-university/app/public/wp-content/themes/fictional-university-theme/functions.php on line 16
[18-Dec-2021 09:22:50 UTC] PHP Stack trace:
[18-Dec-2021 09:22:50 UTC] PHP   1. {main}() /Users/rickywallace/Local Sites/fictional-university/app/public/index.php:0
[18-Dec-2021 09:22:50 UTC] PHP   2. require() /Users/rickywallace/Local Sites/fictional-university/app/public/index.php:17
[18-Dec-2021 09:22:50 UTC] PHP   3. require_once() /Users/rickywallace/Local Sites/fictional-university/app/public/wp-blog-header.php:13
[18-Dec-2021 09:22:50 UTC] PHP   4. require_once() /Users/rickywallace/Local Sites/fictional-university/app/public/wp-load.php:50
[18-Dec-2021 09:22:50 UTC] PHP   5. require_once() /Users/rickywallace/Local Sites/fictional-university/app/public/wp-config.php:77
[18-Dec-2021 09:22:50 UTC] PHP   6. do_action() /Users/rickywallace/Local Sites/fictional-university/app/public/wp-settings.php:556
[18-Dec-2021 09:22:50 UTC] PHP   7. WP_Hook->do_action() /Users/rickywallace/Local Sites/fictional-university/app/public/wp-includes/plugin.php:470
[18-Dec-2021 09:22:50 UTC] PHP   8. WP_Hook->apply_filters() /Users/rickywallace/Local Sites/fictional-university/app/public/wp-includes/class-wp-hook.php:327
[18-Dec-2021 09:22:50 UTC] PHP   9. university_features() /Users/rickywallace/Local Sites/fictional-university/app/public/wp-includes/class-wp-hook.php:303
[18-Dec-2021 09:22:50 UTC] PHP Warning:  A non-numeric value encountered in /Users/rickywallace/Local Sites/fictional-university/app/public/wp-content/themes/fictional-university-theme/functions.php on line 16
[18-Dec-2021 09:22:50 UTC] PHP Stack trace:
[18-Dec-2021 09:22:50 UTC] PHP   1. {main}() /Users/rickywallace/Local Sites/fictional-university/app/public/index.php:0
[18-Dec-2021 09:22:50 UTC] PHP   2. require() /Users/rickywallace/Local Sites/fictional-university/app/public/index.php:17
[18-Dec-2021 09:22:50 UTC] PHP   3. require_once() /Users/rickywallace/Local Sites/fictional-university/app/public/wp-blog-header.php:13
[18-Dec-2021 09:22:50 UTC] PHP   4. require_once() /Users/rickywallace/Local Sites/fictional-university/app/public/wp-load.php:50
[18-Dec-2021 09:22:50 UTC] PHP   5. require_once() /Users/rickywallace/Local Sites/fictional-university/app/public/wp-config.php:77
[18-Dec-2021 09:22:50 UTC] PHP   6. do_action() /Users/rickywallace/Local Sites/fictional-university/app/public/wp-settings.php:556
[18-Dec-2021 09:22:50 UTC] PHP   7. WP_Hook->do_action() /Users/rickywallace/Local Sites/fictional-university/app/public/wp-includes/plugin.php:470
[18-Dec-2021 09:22:50 UTC] PHP   8. WP_Hook->apply_filters() /Users/rickywallace/Local Sites/fictional-university/app/public/wp-includes/class-wp-hook.php:327
[18-Dec-2021 09:22:50 UTC] PHP   9. university_features() /Users/rickywallace/Local Sites/fictional-university/app/public/wp-includes/class-wp-hook.php:303
[18-Dec-2021 09:22:50 UTC] PHP Warning:  Cannot modify header information - headers already sent by (output started at /Users/rickywallace/Local Sites/fictional-university/app/public/wp-content/themes/fictional-university-theme/functions.php:16) in /Users/rickywallace/Local Sites/fictional-university/app/public/wp-includes/pluggable.php on line 1340
[18-Dec-2021 09:22:50 UTC] PHP Stack trace:
[18-Dec-2021 09:22:50 UTC] PHP   1. {main}() /Users/rickywallace/Local Sites/fictional-university/app/public/index.php:0
[18-Dec-2021 09:22:50 UTC] PHP   2. require() /Users/rickywallace/Local Sites/fictional-university/app/public/index.php:17
[18-Dec-2021 09:22:50 UTC] PHP   3. require_once() /Users/rickywallace/Local Sites/fictional-university/app/public/wp-blog-header.php:19
[18-Dec-2021 09:22:50 UTC] PHP   4. do_action() /Users/rickywallace/Local Sites/fictional-university/app/public/wp-includes/template-loader.php:45
[18-Dec-2021 09:22:50 UTC] PHP   5. WP_Hook->do_action() /Users/rickywallace/Local Sites/fictional-university/app/public/wp-includes/plugin.php:470
[18-Dec-2021 09:22:50 UTC] PHP   6. WP_Hook->apply_filters() /Users/rickywallace/Local Sites/fictional-university/app/public/wp-includes/class-wp-hook.php:327
[18-Dec-2021 09:22:50 UTC] PHP   7. do_favicon() /Users/rickywallace/Local Sites/fictional-university/app/public/wp-includes/class-wp-hook.php:303
[18-Dec-2021 09:22:50 UTC] PHP   8. wp_redirect() /Users/rickywallace/Local Sites/fictional-university/app/public/wp-includes/functions.php:1694
[18-Dec-2021 09:22:50 UTC] PHP   9. header() /Users/rickywallace/Local Sites/fictional-university/app/public/wp-includes/pluggable.php:1340
[18-Dec-2021 09:22:50 UTC] PHP Warning:  Cannot modify header information - headers already sent by (output started at /Users/rickywallace/Local Sites/fictional-university/app/public/wp-content/themes/fictional-university-theme/functions.php:16) in /Users/rickywallace/Local Sites/fictional-university/app/public/wp-includes/pluggable.php on line 1343
[18-Dec-2021 09:22:50 UTC] PHP Stack trace:
[18-Dec-2021 09:22:50 UTC] PHP   1. {main}() /Users/rickywallace/Local Sites/fictional-university/app/public/index.php:0
[18-Dec-2021 09:22:50 UTC] PHP   2. require() /Users/rickywallace/Local Sites/fictional-university/app/public/index.php:17
[18-Dec-2021 09:22:50 UTC] PHP   3. require_once() /Users/rickywallace/Local Sites/fictional-university/app/public/wp-blog-header.php:19
[18-Dec-2021 09:22:50 UTC] PHP   4. do_action() /Users/rickywallace/Local Sites/fictional-university/app/public/wp-includes/template-loader.php:45
[18-Dec-2021 09:22:50 UTC] PHP   5. WP_Hook->do_action() /Users/rickywallace/Local Sites/fictional-university/app/public/wp-includes/plugin.php:470
[18-Dec-2021 09:22:50 UTC] PHP   6. WP_Hook->apply_filters() /Users/rickywallace/Local Sites/fictional-university/app/public/wp-includes/class-wp-hook.php:327
[18-Dec-2021 09:22:50 UTC] PHP   7. do_favicon() /Users/rickywallace/Local Sites/fictional-university/app/public/wp-includes/class-wp-hook.php:303
[18-Dec-2021 09:22:50 UTC] PHP   8. wp_redirect() /Users/rickywallace/Local Sites/fictional-university/app/public/wp-includes/functions.php:1694
[18-Dec-2021 09:22:50 UTC] PHP   9. header() /Users/rickywallace/Local Sites/fictional-university/app/public/wp-includes/pluggable.php:1343
[18-Dec-2021 10:34:20 UTC] PHP Parse error:  syntax error, unexpected '?>' in /Users/rickywallace/Local Sites/fictional-university/app/public/wp-content/themes/fictional-university-theme/page.php on line 24
[18-Dec-2021 10:36:00 UTC] PHP Parse error:  syntax error, unexpected '?>' in /Users/rickywallace/Local Sites/fictional-university/app/public/wp-content/themes/fictional-university-theme/page.php on line 24
[18-Dec-2021 10:41:43 UTC] PHP Fatal error:  Uncaught ArgumentCountError: Too few arguments to function wp_get_post_parent_id(), 0 passed in /Users/rickywallace/Local Sites/fictional-university/app/public/wp-content/themes/fictional-university-theme/page.php on line 25 and exactly 1 expected in /Users/rickywallace/Local Sites/fictional-university/app/public/wp-includes/post.php:7434
Stack trace:
#0 /Users/rickywallace/Local Sites/fictional-university/app/public/wp-content/themes/fictional-university-theme/page.php(25): wp_get_post_parent_id()
#1 /Users/rickywallace/Local Sites/fictional-university/app/public/wp-includes/template-loader.php(106): include('/Users/rickywal...')
#2 /Users/rickywallace/Local Sites/fictional-university/app/public/wp-blog-header.php(19): require_once('/Users/rickywal...')
#3 /Users/rickywallace/Local Sites/fictional-university/app/public/index.php(17): require('/Users/rickywal...')
#4 {main}
  thrown in /Users/rickywallace/Local Sites/fictional-university/app/public/wp-includes/post.php on line 7434
[18-Dec-2021 10:45:25 UTC] PHP Parse error:  syntax error, unexpected 'if' (T_IF) in /Users/rickywallace/Local Sites/fictional-university/app/public/wp-content/themes/fictional-university-theme/page.php on line 24
[18-Dec-2021 11:40:28 UTC] PHP Parse error:  syntax error, unexpected ')' in /Users/rickywallace/Local Sites/fictional-university/app/public/wp-content/themes/fictional-university-theme/page.php on line 31
[18-Dec-2021 11:48:09 UTC] PHP Parse error:  syntax error, unexpected ')' in /Users/rickywallace/Local Sites/fictional-university/app/public/wp-content/themes/fictional-university-theme/page.php on line 36
[18-Dec-2021 11:56:06 UTC] PHP Parse error:  syntax error, unexpected end of file in /Users/rickywallace/Local Sites/fictional-university/app/public/wp-content/themes/fictional-university-theme/page.php on line 65
[18-Dec-2021 12:01:31 UTC] PHP Parse error:  syntax error, unexpected end of file in /Users/rickywallace/Local Sites/fictional-university/app/public/wp-content/themes/fictional-university-theme/page.php on line 58
[18-Dec-2021 12:01:39 UTC] PHP Parse error:  syntax error, unexpected end of file in /Users/rickywallace/Local Sites/fictional-university/app/public/wp-content/themes/fictional-university-theme/page.php on line 58
[18-Dec-2021 12:02:03 UTC] PHP Parse error:  syntax error, unexpected ';', expecting ')' in /Users/rickywallace/Local Sites/fictional-university/app/public/wp-content/themes/fictional-university-theme/page.php on line 44
[18-Dec-2021 12:02:16 UTC] PHP Parse error:  syntax error, unexpected ';', expecting ')' in /Users/rickywallace/Local Sites/fictional-university/app/public/wp-content/themes/fictional-university-theme/page.php on line 44
[18-Dec-2021 12:02:28 UTC] PHP Parse error:  syntax error, unexpected end of file in /Users/rickywallace/Local Sites/fictional-university/app/public/wp-content/themes/fictional-university-theme/page.php on line 58
[18-Dec-2021 12:02:59 UTC] PHP Parse error:  syntax error, unexpected end of file in /Users/rickywallace/Local Sites/fictional-university/app/public/wp-content/themes/fictional-university-theme/page.php on line 59
[18-Dec-2021 12:13:45 UTC] PHP Parse error:  syntax error, unexpected end of file in /Users/rickywallace/Local Sites/fictional-university/app/public/wp-content/themes/fictional-university-theme/page.php on line 59
[18-Dec-2021 12:13:58 UTC] PHP Parse error:  syntax error, unexpected end of file in /Users/rickywallace/Local Sites/fictional-university/app/public/wp-content/themes/fictional-university-theme/page.php on line 59
[18-Dec-2021 12:30:39 UTC] PHP Fatal error:  Uncaught Error: Call to undefined function blogingo() in /Users/rickywallace/Local Sites/fictional-university/app/public/wp-content/themes/fictional-university-theme/header.php:4
Stack trace:
#0 /Users/rickywallace/Local Sites/fictional-university/app/public/wp-includes/template.php(770): require_once()
#1 /Users/rickywallace/Local Sites/fictional-university/app/public/wp-includes/template.php(716): load_template('/Users/rickywal...', true, Array)
#2 /Users/rickywallace/Local Sites/fictional-university/app/public/wp-includes/general-template.php(48): locate_template(Array, true, true, Array)
#3 /Users/rickywallace/Local Sites/fictional-university/app/public/wp-content/themes/fictional-university-theme/index.php(1): get_header()
#4 /Users/rickywallace/Local Sites/fictional-university/app/public/wp-includes/template-loader.php(106): include('/Users/rickywal...')
#5 /Users/rickywallace/Local Sites/fictional-university/app/public/wp-blog-header.php(19): require_once('/Users/rickywal...')
#6 /Users/rickywallace/Lo in /Users/rickywallace/Local Sites/fictional-university/app/public/wp-content/themes/fictional-university-theme/header.php on line 4
[18-Dec-2021 13:43:32 UTC] PHP Fatal error:  Uncaught Error: Call to undefined function get_author() in /Users/rickywallace/Local Sites/fictional-university/app/public/wp-content/themes/fictional-university-theme/index.php:22
Stack trace:
#0 /Users/rickywallace/Local Sites/fictional-university/app/public/wp-includes/template-loader.php(106): include()
#1 /Users/rickywallace/Local Sites/fictional-university/app/public/wp-blog-header.php(19): require_once('/Users/rickywal...')
#2 /Users/rickywallace/Local Sites/fictional-university/app/public/index.php(17): require('/Users/rickywal...')
#3 {main}
  thrown in /Users/rickywallace/Local Sites/fictional-university/app/public/wp-content/themes/fictional-university-theme/index.php on line 22
[18-Dec-2021 16:55:37 UTC] PHP Fatal error:  Uncaught Error: Call to undefined function author_title() in /Users/rickywallace/Local Sites/fictional-university/app/public/wp-content/themes/fictional-university-theme/archive.php:12
Stack trace:
#0 /Users/rickywallace/Local Sites/fictional-university/app/public/wp-includes/template-loader.php(106): include()
#1 /Users/rickywallace/Local Sites/fictional-university/app/public/wp-blog-header.php(19): require_once('/Users/rickywal...')
#2 /Users/rickywallace/Local Sites/fictional-university/app/public/index.php(17): require('/Users/rickywal...')
#3 {main}
  thrown in /Users/rickywallace/Local Sites/fictional-university/app/public/wp-content/themes/fictional-university-theme/archive.php on line 12
[18-Dec-2021 16:56:32 UTC] PHP Parse error:  syntax error, unexpected 'the_author' (T_STRING), expecting ',' or ';' in /Users/rickywallace/Local Sites/fictional-university/app/public/wp-content/themes/fictional-university-theme/archive.php on line 12
[18-Dec-2021 18:59:32 UTC] PHP Parse error:  syntax error, unexpected 'echo' (T_ECHO), expecting ')' in /Users/rickywallace/Local Sites/fictional-university/app/public/wp-content/themes/fictional-university-theme/header.php on line 31
[18-Dec-2021 19:06:30 UTC] PHP Parse error:  syntax error, unexpected '}' in /Users/rickywallace/Local Sites/fictional-university/app/public/wp-content/themes/fictional-university-theme/functions.php on line 28
[18-Dec-2021 19:06:30 UTC] PHP Parse error:  syntax error, unexpected '}' in /Users/rickywallace/Local Sites/fictional-university/app/public/wp-content/themes/fictional-university-theme/functions.php on line 28
[18-Dec-2021 19:06:40 UTC] PHP Parse error:  syntax error, unexpected '}' in /Users/rickywallace/Local Sites/fictional-university/app/public/wp-content/themes/fictional-university-theme/functions.php on line 28
[18-Dec-2021 19:06:40 UTC] PHP Parse error:  syntax error, unexpected '}' in /Users/rickywallace/Local Sites/fictional-university/app/public/wp-content/themes/fictional-university-theme/functions.php on line 28
[18-Dec-2021 19:11:59 UTC] PHP Parse error:  syntax error, unexpected ''labels'' (T_CONSTANT_ENCAPSED_STRING), expecting ')' in /Users/rickywallace/Local Sites/fictional-university/app/public/wp-content/themes/fictional-university-theme/functions.php on line 28
[18-Dec-2021 19:12:00 UTC] PHP Parse error:  syntax error, unexpected ''labels'' (T_CONSTANT_ENCAPSED_STRING), expecting ')' in /Users/rickywallace/Local Sites/fictional-university/app/public/wp-content/themes/fictional-university-theme/functions.php on line 28
[18-Dec-2021 19:12:01 UTC] PHP Parse error:  syntax error, unexpected ''labels'' (T_CONSTANT_ENCAPSED_STRING), expecting ')' in /Users/rickywallace/Local Sites/fictional-university/app/public/wp-content/themes/fictional-university-theme/functions.php on line 28
[18-Dec-2021 19:30:08 UTC] PHP Parse error:  syntax error, unexpected ''' (T_CONSTANT_ENCAPSED_STRING), expecting ')' in /Users/rickywallace/Local Sites/fictional-university/app/public/wp-content/mu-plugins/university-post-types.php on line 8
[18-Dec-2021 19:30:09 UTC] PHP Parse error:  syntax error, unexpected ''' (T_CONSTANT_ENCAPSED_STRING), expecting ')' in /Users/rickywallace/Local Sites/fictional-university/app/public/wp-content/mu-plugins/university-post-types.php on line 8
[18-Dec-2021 19:30:31 UTC] PHP Parse error:  syntax error, unexpected ''menu_icon'' (T_CONSTANT_ENCAPSED_STRING), expecting ')' in /Users/rickywallace/Local Sites/fictional-university/app/public/wp-content/mu-plugins/university-post-types.php on line 8
[18-Dec-2021 19:30:32 UTC] PHP Parse error:  syntax error, unexpected ''menu_icon'' (T_CONSTANT_ENCAPSED_STRING), expecting ')' in /Users/rickywallace/Local Sites/fictional-university/app/public/wp-content/mu-plugins/university-post-types.php on line 8
[18-Dec-2021 19:45:09 UTC] PHP Parse error:  syntax error, unexpected end of file in /Users/rickywallace/Local Sites/fictional-university/app/public/wp-content/themes/fictional-university-theme/front-page.php on line 114
[18-Dec-2021 19:45:50 UTC] PHP Fatal error:  Uncaught Error: Call to undefined function have_post() in /Users/rickywallace/Local Sites/fictional-university/app/public/wp-content/themes/fictional-university-theme/front-page.php:26
Stack trace:
#0 /Users/rickywallace/Local Sites/fictional-university/app/public/wp-includes/template-loader.php(106): include()
#1 /Users/rickywallace/Local Sites/fictional-university/app/public/wp-blog-header.php(19): require_once('/Users/rickywal...')
#2 /Users/rickywallace/Local Sites/fictional-university/app/public/index.php(17): require('/Users/rickywal...')
#3 {main}
  thrown in /Users/rickywallace/Local Sites/fictional-university/app/public/wp-content/themes/fictional-university-theme/front-page.php on line 26
[18-Dec-2021 19:46:35 UTC] PHP Fatal error:  Uncaught Error: Call to a member function have_posts() on null in /Users/rickywallace/Local Sites/fictional-university/app/public/wp-content/themes/fictional-university-theme/front-page.php:26
Stack trace:
#0 /Users/rickywallace/Local Sites/fictional-university/app/public/wp-includes/template-loader.php(106): include()
#1 /Users/rickywallace/Local Sites/fictional-university/app/public/wp-blog-header.php(19): require_once('/Users/rickywal...')
#2 /Users/rickywallace/Local Sites/fictional-university/app/public/index.php(17): require('/Users/rickywal...')
#3 {main}
  thrown in /Users/rickywallace/Local Sites/fictional-university/app/public/wp-content/themes/fictional-university-theme/front-page.php on line 26
